Info: Nothing to build for Module10_Elevator
Info: Nothing to build for Examples
20:28:35 **** Incremental Build of configuration Debug for project Module10_Elevator ****
Info: Internal Builder is used for build
g++ -O0 -g3 -Wall -c -fmessage-length=0 -o "src\\Module10_Elevator.o" "..\\src\\Module10_Elevator.cpp" 
g++ -o Module10_Elevator.exe "src\\Passenger.o" "src\\Module10_Elevator.o" "src\\Floor.o" "src\\Elevator.o" 
20:28:37 **** Incremental Build of configuration Debug for project Module12_PorkerGame ****
Info: Internal Builder is used for build
g++ -o Module12_PorkerGame.exe "src\\Poker.o" "src\\Module12_PorkerGame.o" 
c:/mingw/bin/../lib/gcc/mingw32/5.3.0/../../../libmingw32.a(main.o):(.text.startup+0xa0): undefined reference to `WinMain@16'
collect2.exe: error: ld returned 1 exit status
Info: Nothing to build for Module4_Poker
Info: Nothing to build for Module8_ExpressionTree
Info: Nothing to build for Examples
Info: Nothing to build for Module10_Elevator
Info: Nothing to build for Examples
Info: Nothing to build for Module10_Elevator
Info: Nothing to build for Examples
20:30:05 **** Incremental Build of configuration Debug for project Module10_Elevator ****
Info: Internal Builder is used for build
g++ -O0 -g3 -Wall -c -fmessage-length=0 -o "src\\Module10_Elevator.o" "..\\src\\Module10_Elevator.cpp" 
g++ -o Module10_Elevator.exe "src\\Passenger.o" "src\\Module10_Elevator.o" "src\\Floor.o" "src\\Elevator.o" 
Info: Nothing to build for Module10_Elevator
